2026-02-23 16:22:31,163 [INFO] Activator:176 - 


2026-02-23 16:22:31,165 [INFO] Activator:177 - !SESSION log4j initialized
2026-02-23 16:22:33,953 [INFO] LogOutputStream:77 - [STDOUT_REDIRECT] 
2026-02-23 16:22:34,551 [INFO] ApplicationProperties:184 - Using Application install path: /opt/st/stm32cubeide_1.19.0/plugins/com.st.stm32cube.common.mx_6.15.0.202507011659
2026-02-23 16:22:34,563 [INFO] DbMcusXml:78 - Set database path to: /opt/st/stm32cubeide_1.19.0/plugins/com.st.stm32cube.common.mx_6.15.0.202507011659//db//mcu/
2026-02-23 16:22:34,563 [INFO] ApiDb:274 - Set plugin database path to: /opt/st/stm32cubeide_1.19.0/plugins/com.st.stm32cube.common.mx_6.15.0.202507011659//db//plugins/boardmanager/
2026-02-23 16:22:34,563 [WARN] ApiDb:259 - Overriding images path with different value:  => /opt/st/stm32cubeide_1.19.0/plugins/com.st.stm32cube.common.mx_6.15.0.202507011659//db//plugins/mcufinder/images/
2026-02-23 16:22:34,565 [INFO] ApiDb:250 - Set database path to: /home/omeru/.stmcufinder/plugins/mcufinder//mcu/
2026-02-23 16:22:34,566 [INFO] DbMcusAds:125 - Set database path to: /home/omeru/.stmcufinder/plugins/mcufinder//mcu/
2026-02-23 16:22:34,567 [INFO] CrossReferenceDbSqlite:203 - Set database path to: /home/omeru/.stmcufinder/plugins/mcufinder//mcu/cs/
2026-02-23 16:22:34,639 [INFO] RulesReader:64 - Compatibility file has been processed (317 Rules)
2026-02-23 16:22:34,672 [INFO] DbMcusXml:78 - Set database path to: /opt/st/stm32cubeide_1.19.0/plugins/com.st.stm32cube.common.mx_6.15.0.202507011659//db//mcu/
2026-02-23 16:22:34,672 [INFO] ApiDb:274 - Set plugin database path to: /opt/st/stm32cubeide_1.19.0/plugins/com.st.stm32cube.common.mx_6.15.0.202507011659//db//plugins/boardmanager/
2026-02-23 16:22:34,672 [INFO] ApiDb:261 - Set plugin images path to: /opt/st/stm32cubeide_1.19.0/plugins/com.st.stm32cube.common.mx_6.15.0.202507011659//db//plugins/mcufinder/images/
2026-02-23 16:22:34,672 [WARN] DbFile:41 - Overriding database path with different value: /home/omeru/.stmcufinder/plugins/mcufinder/ => /home/omeru/.stmcufinder/plugins/mcufinder
2026-02-23 16:22:34,672 [INFO] ApiDb:250 - Set database path to: /home/omeru/.stmcufinder/plugins/mcufinder//mcu/
2026-02-23 16:22:34,672 [WARN] DbFile:41 - Overriding database path with different value: /home/omeru/.stmcufinder/plugins/mcufinder/ => /home/omeru/.stmcufinder/plugins/mcufinder
2026-02-23 16:22:34,672 [INFO] DbMcusAds:125 - Set database path to: /home/omeru/.stmcufinder/plugins/mcufinder//mcu/
2026-02-23 16:22:34,672 [WARN] DbFile:41 - Overriding database path with different value: /home/omeru/.stmcufinder/plugins/mcufinder/ => /home/omeru/.stmcufinder/plugins/mcufinder
2026-02-23 16:22:34,672 [WARN] DbFile:41 - Overriding database path with different value: /home/omeru/.stmcufinder/plugins/mcufinder/ => /home/omeru/.stmcufinder/plugins/mcufinder
2026-02-23 16:22:34,672 [INFO] CrossReferenceDbSqlite:203 - Set database path to: /home/omeru/.stmcufinder/plugins/mcufinder//mcu/cs/
2026-02-23 16:22:34,708 [INFO] MainPanel:274 - HeapMemory: 268435456
2026-02-23 16:22:34,772 [INFO] DbMcusXml:78 - Set database path to: /opt/st/stm32cubeide_1.19.0/plugins/com.st.stm32cube.common.mx_6.15.0.202507011659//db//mcu/
2026-02-23 16:22:34,773 [INFO] ApiDb:274 - Set plugin database path to: /opt/st/stm32cubeide_1.19.0/plugins/com.st.stm32cube.common.mx_6.15.0.202507011659//db//plugins/boardmanager/
2026-02-23 16:22:34,773 [INFO] ApiDb:261 - Set plugin images path to: /opt/st/stm32cubeide_1.19.0/plugins/com.st.stm32cube.common.mx_6.15.0.202507011659//db//plugins/mcufinder/images/
2026-02-23 16:22:34,773 [WARN] DbFile:41 - Overriding database path with different value: /home/omeru/.stmcufinder/plugins/mcufinder/ => /home/omeru/.stmcufinder/plugins/mcufinder
2026-02-23 16:22:34,773 [INFO] ApiDb:250 - Set database path to: /home/omeru/.stmcufinder/plugins/mcufinder//mcu/
2026-02-23 16:22:34,773 [WARN] DbFile:41 - Overriding database path with different value: /home/omeru/.stmcufinder/plugins/mcufinder/ => /home/omeru/.stmcufinder/plugins/mcufinder
2026-02-23 16:22:34,773 [INFO] DbMcusAds:125 - Set database path to: /home/omeru/.stmcufinder/plugins/mcufinder//mcu/
2026-02-23 16:22:34,773 [WARN] DbFile:41 - Overriding database path with different value: /home/omeru/.stmcufinder/plugins/mcufinder/ => /home/omeru/.stmcufinder/plugins/mcufinder
2026-02-23 16:22:34,773 [WARN] DbFile:41 - Overriding database path with different value: /home/omeru/.stmcufinder/plugins/mcufinder/ => /home/omeru/.stmcufinder/plugins/mcufinder
2026-02-23 16:22:34,773 [INFO] CrossReferenceDbSqlite:203 - Set database path to: /home/omeru/.stmcufinder/plugins/mcufinder//mcu/cs/
2026-02-23 16:22:34,783 [INFO] ApplicationProperties:184 - Using Application install path: /opt/st/stm32cubeide_1.19.0/plugins/com.st.stm32cube.common.mx_6.15.0.202507011659
2026-02-23 16:22:34,784 [INFO] PluginManage:196 - Search for loadable plugins [exclusion list=, ]
2026-02-23 16:22:34,785 [INFO] PluginManage:310 - Check plugin analytics
2026-02-23 16:22:34,879 [INFO] AnalyticsPlugin:253 - Accepted Software Licenses: 
2026-02-23 16:22:34,879 [INFO] AnalyticsPlugin:255 - Accepted CMSIS Pack Licenses: 
2026-02-23 16:22:34,880 [INFO] AnalyticsPlugin:257 - Accepted Firmware Licenses: 
2026-02-23 16:22:34,881 [INFO] PluginManage:359 - Loaded plugin analytics (category:tool,tabindex:-1)
2026-02-23 16:22:34,881 [INFO] PluginManage:310 - Check plugin cadmodel
2026-02-23 16:22:34,884 [INFO] CADModel:105 - Init CAD model plugin
2026-02-23 16:22:34,884 [INFO] PluginManage:359 - Loaded plugin cadmodel (category:power,tabindex:5)
2026-02-23 16:22:34,884 [INFO] PluginManage:310 - Check plugin clock
2026-02-23 16:22:34,889 [INFO] PluginManage:359 - Loaded plugin clock (category:base,tabindex:2)
2026-02-23 16:22:34,889 [INFO] PluginManage:310 - Check plugin ddr
2026-02-23 16:22:34,890 [INFO] PluginManage:359 - Loaded plugin ddr (category:tool,tabindex:6)
2026-02-23 16:22:34,890 [INFO] PluginManage:310 - Check plugin filemanager
2026-02-23 16:22:34,979 [INFO] PluginManage:359 - Loaded plugin filemanager (category:base,tabindex:10)
2026-02-23 16:22:34,979 [INFO] PluginManage:310 - Check plugin ipmanager
2026-02-23 16:22:34,982 [INFO] PluginManage:359 - Loaded plugin ipmanager (category:base,tabindex:5)
2026-02-23 16:22:34,982 [INFO] PluginManage:310 - Check plugin lpbam
2026-02-23 16:22:34,987 [INFO] PluginManage:359 - Loaded plugin lpbam (category:base,tabindex:0)
2026-02-23 16:22:34,987 [INFO] PluginManage:310 - Check plugin memorymap
2026-02-23 16:22:34,994 [INFO] PluginManage:359 - Loaded plugin memorymap (category:base,tabindex:4)
2026-02-23 16:22:34,994 [INFO] PluginManage:310 - Check plugin pinoutandconfiguration
2026-02-23 16:22:34,998 [INFO] PluginManage:359 - Loaded plugin pinoutandconfiguration (category:base,tabindex:1)
2026-02-23 16:22:34,998 [INFO] PluginManage:310 - Check plugin pinoutconfig
2026-02-23 16:22:35,047 [WARN] SupportedApi:132 - Cannot load RTOS API schema: s4s-elt-must-match.1: The content of 'definitions' must match (annotation?, (simpleType | complexType)?, (unique | key | keyref)*)). A problem was found starting at: attribute.
2026-02-23 16:22:35,123 [INFO] PluginManage:359 - Loaded plugin pinoutconfig (category:base,tabindex:0)
2026-02-23 16:22:35,124 [INFO] PluginManage:310 - Check plugin power
2026-02-23 16:22:35,131 [INFO] PluginManage:359 - Loaded plugin power (category:power,tabindex:4)
2026-02-23 16:22:35,132 [INFO] PluginManage:310 - Check plugin projectmanager
2026-02-23 16:22:35,146 [INFO] PluginManage:359 - Loaded plugin projectmanager (category:projectmanager,tabindex:4)
2026-02-23 16:22:35,146 [INFO] PluginManage:310 - Check plugin rif
2026-02-23 16:22:35,155 [INFO] PluginManage:359 - Loaded plugin rif (category:base,tabindex:3)
2026-02-23 16:22:35,156 [INFO] PluginManage:310 - Check plugin thirdparty
2026-02-23 16:22:35,224 [INFO] PluginManage:359 - Loaded plugin thirdparty (category:base,tabindex:-1)
2026-02-23 16:22:35,224 [WARN] IntegrityCheckThread:84 - waiting for thirdparty lock release [integrity check]
2026-02-23 16:22:35,224 [INFO] IntegrityCheckThread:86 - entering critical section [integrity check]
2026-02-23 16:22:35,224 [INFO] PluginManage:310 - Check plugin tools
2026-02-23 16:22:35,224 [INFO] ThirdPartyUpdaterWithRetryManager:70 - Updater plugin not ready yet. [1/15]
2026-02-23 16:22:35,226 [INFO] PluginManage:359 - Loaded plugin tools (category:base,tabindex:7)
2026-02-23 16:22:35,226 [INFO] PluginManage:310 - Check plugin tutovideos
2026-02-23 16:22:35,354 [INFO] PluginManage:359 - Loaded plugin tutovideos (category:base,tabindex:-1)
2026-02-23 16:22:35,354 [INFO] PluginManage:310 - Check plugin updater
2026-02-23 16:22:35,369 [INFO] PluginManage:359 - Loaded plugin updater (category:base,tabindex:12)
2026-02-23 16:22:35,369 [INFO] PluginManage:310 - Check plugin userauth
2026-02-23 16:22:35,372 [INFO] UserAuth:118 - Init User Auth plugin
2026-02-23 16:22:35,372 [INFO] PluginManage:359 - Loaded plugin userauth (category:base,tabindex:14)
2026-02-23 16:22:35,372 [INFO] PluginManage:283 - PluginManage : Loaded plugins [18]
2026-02-23 16:22:35,512 [INFO] PinOutPanel:1589 - setPackage(No Configuration,No Configuration)
2026-02-23 16:22:35,562 [INFO] CADModel:165 - CPN selected for project level
2026-02-23 16:22:35,562 [INFO] CADModel:114 - Register for checkConnection events
2026-02-23 16:22:35,572 [INFO] IPUIPlugin:80 - create IPUIPlugin
2026-02-23 16:22:35,572 [INFO] PluginManager:220 - loadIPPluginJar : add cryp
2026-02-23 16:22:35,574 [INFO] IPUIPlugin:80 - create IPUIPlugin
2026-02-23 16:22:35,574 [INFO] PluginManager:220 - loadIPPluginJar : add gtzc
2026-02-23 16:22:35,578 [INFO] IPUIPlugin:80 - create IPUIPlugin
2026-02-23 16:22:35,579 [INFO] PluginManager:220 - loadIPPluginJar : add freertos
2026-02-23 16:22:35,580 [INFO] IPUIPlugin:80 - create IPUIPlugin
2026-02-23 16:22:35,581 [INFO] PluginManager:220 - loadIPPluginJar : add dfsdm
2026-02-23 16:22:35,581 [INFO] IPUIPlugin:80 - create IPUIPlugin
2026-02-23 16:22:35,581 [INFO] PluginManager:220 - loadIPPluginJar : add ltdc
2026-02-23 16:22:35,583 [INFO] IPUIPlugin:80 - create IPUIPlugin
2026-02-23 16:22:35,583 [INFO] PluginManager:220 - loadIPPluginJar : add aes
2026-02-23 16:22:35,584 [INFO] IPUIPlugin:80 - create IPUIPlugin
2026-02-23 16:22:35,584 [INFO] PluginManager:220 - loadIPPluginJar : add tim
2026-02-23 16:22:35,586 [INFO] IPUIPlugin:80 - create IPUIPlugin
2026-02-23 16:22:35,586 [INFO] PluginManager:220 - loadIPPluginJar : add ucpd
2026-02-23 16:22:35,587 [INFO] IPUIPlugin:80 - create IPUIPlugin
2026-02-23 16:22:35,587 [INFO] PluginManager:220 - loadIPPluginJar : add tsc
2026-02-23 16:22:35,591 [INFO] IPUIPlugin:80 - create IPUIPlugin
2026-02-23 16:22:35,591 [INFO] PluginManager:220 - loadIPPluginJar : add gic
2026-02-23 16:22:35,595 [INFO] IPUIPlugin:80 - create IPUIPlugin
2026-02-23 16:22:35,595 [INFO] PluginManager:220 - loadIPPluginJar : add resmgrutility
2026-02-23 16:22:35,597 [INFO] IPUIPlugin:80 - create IPUIPlugin
2026-02-23 16:22:35,597 [INFO] PluginManager:220 - loadIPPluginJar : add i3c
2026-02-23 16:22:35,600 [INFO] IPUIPlugin:80 - create IPUIPlugin
2026-02-23 16:22:35,600 [INFO] PluginManager:220 - loadIPPluginJar : add i2s
2026-02-23 16:22:35,603 [INFO] IPUIPlugin:80 - create IPUIPlugin
2026-02-23 16:22:35,603 [INFO] PluginManager:220 - loadIPPluginJar : add ipddr
2026-02-23 16:22:35,608 [INFO] IPUIPlugin:80 - create IPUIPlugin
2026-02-23 16:22:35,608 [INFO] PluginManager:220 - loadIPPluginJar : add mdma
2026-02-23 16:22:35,610 [INFO] IPUIPlugin:80 - create IPUIPlugin
2026-02-23 16:22:35,610 [INFO] PluginManager:220 - loadIPPluginJar : add ts
2026-02-23 16:22:35,616 [INFO] IPUIPlugin:80 - create IPUIPlugin
2026-02-23 16:22:35,616 [INFO] PluginManager:220 - loadIPPluginJar : add linkedlist
2026-02-23 16:22:35,618 [INFO] IPUIPlugin:80 - create IPUIPlugin
2026-02-23 16:22:35,618 [INFO] PluginManager:220 - loadIPPluginJar : add openamp
2026-02-23 16:22:35,619 [INFO] IPUIPlugin:80 - create IPUIPlugin
2026-02-23 16:22:35,619 [INFO] PluginManager:220 - loadIPPluginJar : add comp
2026-02-23 16:22:35,621 [INFO] IPUIPlugin:80 - create IPUIPlugin
2026-02-23 16:22:35,621 [INFO] PluginManager:220 - loadIPPluginJar : add tracer_emb
2026-02-23 16:22:35,622 [INFO] IPUIPlugin:80 - create IPUIPlugin
2026-02-23 16:22:35,622 [INFO] PluginManager:220 - loadIPPluginJar : add can
2026-02-23 16:22:35,624 [INFO] IPUIPlugin:80 - create IPUIPlugin
2026-02-23 16:22:35,625 [INFO] PluginManager:220 - loadIPPluginJar : add usbx
2026-02-23 16:22:35,626 [INFO] IPUIPlugin:80 - create IPUIPlugin
2026-02-23 16:22:35,626 [INFO] PluginManager:220 - loadIPPluginJar : add radio
2026-02-23 16:22:35,631 [INFO] IPUIPlugin:80 - create IPUIPlugin
2026-02-23 16:22:35,631 [INFO] PluginManager:220 - loadIPPluginJar : add adc
2026-02-23 16:22:35,633 [INFO] IPUIPlugin:80 - create IPUIPlugin
2026-02-23 16:22:35,633 [INFO] PluginManager:220 - loadIPPluginJar : add quadspi
2026-02-23 16:22:35,635 [INFO] IPUIPlugin:80 - create IPUIPlugin
2026-02-23 16:22:35,635 [INFO] PluginManager:220 - loadIPPluginJar : add pdm2pcm
2026-02-23 16:22:35,639 [INFO] IPUIPlugin:80 - create IPUIPlugin
2026-02-23 16:22:35,639 [INFO] PluginManager:220 - loadIPPluginJar : add stm32_wpan
2026-02-23 16:22:35,641 [INFO] IPUIPlugin:80 - create IPUIPlugin
2026-02-23 16:22:35,641 [INFO] PluginManager:220 - loadIPPluginJar : add spi
2026-02-23 16:22:35,643 [INFO] IPUIPlugin:80 - create IPUIPlugin
2026-02-23 16:22:35,643 [INFO] PluginManager:220 - loadIPPluginJar : add gfxmmu
2026-02-23 16:22:35,645 [INFO] IPUIPlugin:80 - create IPUIPlugin
2026-02-23 16:22:35,645 [INFO] PluginManager:220 - loadIPPluginJar : add i2c
2026-02-23 16:22:35,647 [INFO] IPUIPlugin:80 - create IPUIPlugin
2026-02-23 16:22:35,647 [INFO] PluginManager:220 - loadIPPluginJar : add usart
2026-02-23 16:22:35,649 [INFO] IPUIPlugin:80 - create IPUIPlugin
2026-02-23 16:22:35,649 [INFO] PluginManager:220 - loadIPPluginJar : add lorawan
2026-02-23 16:22:35,651 [INFO] IPUIPlugin:80 - create IPUIPlugin
2026-02-23 16:22:35,651 [INFO] PluginManager:220 - loadIPPluginJar : add hash
2026-02-23 16:22:35,653 [INFO] IPUIPlugin:80 - create IPUIPlugin
2026-02-23 16:22:35,653 [INFO] PluginManager:220 - loadIPPluginJar : add nvic
2026-02-23 16:22:35,655 [INFO] IPUIPlugin:80 - create IPUIPlugin
2026-02-23 16:22:35,655 [INFO] PluginManager:220 - loadIPPluginJar : add genericplugin
2026-02-23 16:22:35,659 [INFO] IPUIPlugin:80 - create IPUIPlugin
2026-02-23 16:22:35,659 [INFO] PluginManager:220 - loadIPPluginJar : add dma
2026-02-23 16:22:35,660 [INFO] IPUIPlugin:80 - create IPUIPlugin
2026-02-23 16:22:35,661 [INFO] PluginManager:220 - loadIPPluginJar : add dma3
2026-02-23 16:22:35,663 [INFO] IPUIPlugin:80 - create IPUIPlugin
2026-02-23 16:22:35,663 [INFO] PluginManager:220 - loadIPPluginJar : add sai
2026-02-23 16:22:35,665 [INFO] IPUIPlugin:80 - create IPUIPlugin
2026-02-23 16:22:35,665 [INFO] PluginManager:220 - loadIPPluginJar : add ddr_ctrl_phy
2026-02-23 16:22:35,667 [INFO] IPUIPlugin:80 - create IPUIPlugin
2026-02-23 16:22:35,667 [INFO] PluginManager:220 - loadIPPluginJar : add opamp
2026-02-23 16:22:35,669 [INFO] IPUIPlugin:80 - create IPUIPlugin
2026-02-23 16:22:35,669 [INFO] PluginManager:220 - loadIPPluginJar : add touchsensing
2026-02-23 16:22:35,671 [INFO] IPUIPlugin:80 - create IPUIPlugin
2026-02-23 16:22:35,671 [INFO] PluginManager:220 - loadIPPluginJar : add extmemmanager
2026-02-23 16:22:35,674 [INFO] IPUIPlugin:80 - create IPUIPlugin
2026-02-23 16:22:35,674 [INFO] PluginManager:220 - loadIPPluginJar : add fmc
2026-02-23 16:22:35,678 [INFO] IPUIPlugin:80 - create IPUIPlugin
2026-02-23 16:22:35,680 [INFO] PluginManager:220 - loadIPPluginJar : add plateformsettings
2026-02-23 16:22:35,684 [INFO] IPUIPlugin:80 - create IPUIPlugin
2026-02-23 16:22:35,684 [INFO] PluginManager:220 - loadIPPluginJar : add gpio
2026-02-23 16:22:35,685 [INFO] IPUIPlugin:80 - create IPUIPlugin
2026-02-23 16:22:35,685 [INFO] PluginManager:220 - loadIPPluginJar : add fatfs
2026-02-23 16:22:35,782 [FATAL] Updater:351 - Updater called before beeing initialized
2026-02-23 16:22:35,805 [INFO] RulesReader:64 - Compatibility file has been processed (317 Rules)
2026-02-23 16:22:35,817 [INFO] RulesReader:64 - Compatibility file has been processed (317 Rules)
2026-02-23 16:22:35,824 [INFO] CADModel:165 - CPN selected for project level
2026-02-23 16:22:35,825 [INFO] CADModel:114 - Register for checkConnection events
2026-02-23 16:22:35,825 [FATAL] Updater:351 - Updater called before beeing initialized
2026-02-23 16:22:35,825 [ERROR] CADModel:125 - Updater not yet initialized, retry later 
2026-02-23 16:22:35,911 [FATAL] Updater:351 - Updater called before beeing initialized
2026-02-23 16:22:35,912 [INFO] CADModel:165 - CPN selected for project level
2026-02-23 16:22:35,912 [INFO] CADModel:114 - Register for checkConnection events
2026-02-23 16:22:35,912 [FATAL] Updater:351 - Updater called before beeing initialized
2026-02-23 16:22:35,913 [ERROR] CADModel:125 - Updater not yet initialized, retry later 
2026-02-23 16:22:35,916 [FATAL] Updater:351 - Updater called before beeing initialized
2026-02-23 16:22:35,988 [FATAL] Updater:351 - Updater called before beeing initialized
2026-02-23 16:22:35,992 [INFO] DbMcusAds:53 - JSON generation date=Wed Feb 18 16:32:49 EET 2026 (1771425169665)
2026-02-23 16:22:35,993 [FATAL] Updater:351 - Updater called before beeing initialized
2026-02-23 16:22:36,021 [WARN] DetailPanel:346 - Failed to get advertising image, set to default
2026-02-23 16:22:36,074 [FATAL] Updater:351 - Updater called before beeing initialized
2026-02-23 16:22:36,075 [FATAL] Updater:351 - Updater called before beeing initialized
2026-02-23 16:22:36,076 [FATAL] Updater:351 - Updater called before beeing initialized
2026-02-23 16:22:36,076 [WARN] DetailPanel:346 - Failed to get advertising image, set to default
2026-02-23 16:22:36,076 [FATAL] Updater:351 - Updater called before beeing initialized
2026-02-23 16:22:36,103 [ERROR] Updater:1198 - MainUpdater not yet initialized. External WinMGr cannot be set.
2026-02-23 16:22:36,104 [INFO] Updater:1134 - Updater Version found : 6.15.0
2026-02-23 16:22:36,117 [INFO] ApplicationProperties:184 - Using Application install path: /opt/st/stm32cubeide_1.19.0/plugins/com.st.stm32cube.common.mx_6.15.0.202507011659
2026-02-23 16:22:36,126 [ERROR] LogOutputStream:75 - [STDERR_REDIRECT] Feb 23, 2026 4:22:36 PM java.util.prefs.FileSystemPreferences$2 run
2026-02-23 16:22:36,126 [ERROR] LogOutputStream:75 - [STDERR_REDIRECT] WARNING: Could not create system preferences directory. System preferences are unusable.
2026-02-23 16:22:36,126 [ERROR] LogOutputStream:75 - [STDERR_REDIRECT] 
2026-02-23 16:22:36,492 [INFO] MainUpdater:2872 - connection check result : 10
2026-02-23 16:22:36,494 [INFO] MainUpdater:289 - Updater Check For Update Now.
2026-02-23 16:22:36,494 [INFO] MicroXplorer:498 - Change Database Version : DB.6.0.150
2026-02-23 16:22:36,498 [INFO] McuFinderGlobals:63 - Set McuFinder mode to 2 (CubeIDE integrated)
2026-02-23 16:22:36,498 [INFO] UserAuth:171 - activating auth plugin
2026-02-23 16:22:36,500 [INFO] UserAuth:487 - Internet connection configuration mode: 1
2026-02-23 16:22:36,510 [INFO] JxBrowserEngine:152 - Initiate JxBrowser Engine with user profile folder
2026-02-23 16:22:36,640 [INFO] CheckServerUpdateThread:120 - End of CheckServer Thread
2026-02-23 16:22:36,894 [INFO] WebApp:169 - Instantiating new browser for Auth
2026-02-23 16:22:37,311 [INFO] WebApp:463 - Apply proxy settings
2026-02-23 16:22:37,312 [INFO] WebApp:548 - Chromium requires no authentication
2026-02-23 16:22:37,316 [INFO] WebApp:491 - Direct internet connection detected
2026-02-23 16:22:37,328 [INFO] WebApp:900 - Register for checkConnection events
2026-02-23 16:22:37,328 [INFO] WebApp:463 - Apply proxy settings
2026-02-23 16:22:37,328 [INFO] WebApp:548 - Chromium requires no authentication
2026-02-23 16:22:37,329 [INFO] WebApp:491 - Direct internet connection detected
2026-02-23 16:22:37,418 [INFO] WebApp:225 - Starting web application
2026-02-23 16:22:37,419 [INFO] WebApp:593 - Web application path used /opt/st/stm32cubeide_1.19.0/plugins/com.st.stm32cube.common.mx_6.15.0.202507011659/db/plugins/mcufinder/reactClient1/index.html
2026-02-23 16:22:38,298 [WARN] PackLoader:240 - Cannot read IP mode file for STMicroelectronics.FP-ATR-ASTRA1.2.0.2
2026-02-23 16:22:38,303 [WARN] PackLoader:240 - Cannot read IP mode file for STMicroelectronics.X-CUBE-SMBUS.2.1.0
2026-02-23 16:22:38,328 [WARN] PackLoader:240 - Cannot read IP mode file for STMicroelectronics.X-CUBE-AZRTOS-F7.1.1.0
2026-02-23 16:22:38,335 [WARN] PackLoader:240 - Cannot read IP mode file for STMicroelectronics.FP-SNS-MOTENV1.5.1.0
2026-02-23 16:22:38,343 [WARN] PackLoader:240 - Cannot read IP mode file for WES.I-CUBE-Cesium.1.4.0
2026-02-23 16:22:38,364 [WARN] PackLoader:240 - Cannot read IP mode file for STMicroelectronics.X-CUBE-AZRTOS-H7.3.4.0
2026-02-23 16:22:38,382 [WARN] PackLoader:240 - Cannot read IP mode file for STMicroelectronics.X-CUBE-DISPLAY.3.0.0
2026-02-23 16:22:38,387 [WARN] PackLoader:240 - Cannot read IP mode file for STMicroelectronics.FP-SNS-MOTENVWB1.1.5.0
2026-02-23 16:22:38,393 [WARN] PackLoader:240 - Cannot read IP mode file for STMicroelectronics.X-CUBE-NFC10.1.0.0
2026-02-23 16:22:38,396 [WARN] PackLoader:240 - Cannot read IP mode file for STMicroelectronics.X-CUBE-ST60.1.1.0
2026-02-23 16:22:38,400 [WARN] PackLoader:240 - Cannot read IP mode file for emotas.I-CUBE-CANOPEN.1.3.0
2026-02-23 16:22:38,403 [WARN] PackLoader:240 - Cannot read IP mode file for STMicroelectronics.X-CUBE-GNSS1.7.1.0
2026-02-23 16:22:38,407 [WARN] PackLoader:240 - Cannot read IP mode file for STMicroelectronics.FP-SNS-STBOX1.2.1.0
2026-02-23 16:22:38,411 [WARN] PackLoader:240 - Cannot read IP mode file for STMicroelectronics.FP-SNS-SMARTAG2.1.2.0
2026-02-23 16:22:38,414 [WARN] PackLoader:240 - Cannot read IP mode file for STMicroelectronics.FP-SNS-FLIGHT1.5.1.0
2026-02-23 16:22:38,421 [INFO] LogOutputStream:77 - [STDOUT_REDIRECT] 1 : Invalid condition id : UX_CORESTACK_Condition cause : null
2026-02-23 16:22:38,422 [INFO] LogOutputStream:77 - [STDOUT_REDIRECT] 1 : Invalid condition id : UX_CORESTACK_Condition cause : null
2026-02-23 16:22:38,422 [INFO] LogOutputStream:77 - [STDOUT_REDIRECT] 1 : Invalid condition id : UX_CORESTACK_Condition cause : null
2026-02-23 16:22:38,422 [INFO] LogOutputStream:77 - [STDOUT_REDIRECT] 1 : Invalid condition id : UX_CORESTACK_Condition cause : null
2026-02-23 16:22:38,422 [INFO] LogOutputStream:77 - [STDOUT_REDIRECT] 1 : Invalid condition id : UX_CORESTACK_Condition cause : null
2026-02-23 16:22:38,425 [WARN] PackLoader:240 - Cannot read IP mode file for STMicroelectronics.X-CUBE-AZRTOS-WL.2.0.0
2026-02-23 16:22:38,437 [WARN] PackLoader:240 - Cannot read IP mode file for STMicroelectronics.X-CUBE-AZRTOS-H7RS.1.2.0
2026-02-23 16:22:38,442 [WARN] PackLoader:240 - Cannot read IP mode file for STMicroelectronics.X-CUBE-BLE2.3.3.0
2026-02-23 16:22:38,474 [WARN] PackLoader:240 - Cannot read IP mode file for Infineon.AIROC-Wi-Fi-Bluetooth-STM32.1.8.0
2026-02-23 16:22:38,484 [WARN] PackLoader:240 - Cannot read IP mode file for STMicroelectronics.X-CUBE-NFC9.1.0.0
2026-02-23 16:22:38,489 [WARN] PackLoader:240 - Cannot read IP mode file for STMicroelectronics.X-CUBE-BLE1.7.1.0
2026-02-23 16:22:38,492 [WARN] PackLoader:240 - Cannot read IP mode file for wolfSSL.I-CUBE-wolfMQTT.1.19.2
2026-02-23 16:22:38,499 [WARN] PackLoader:240 - Cannot read IP mode file for STMicroelectronics.X-CUBE-FREERTOS.1.4.0
2026-02-23 16:22:38,500 [INFO] WebApp:191 - Connection restablished
2026-02-23 16:22:38,503 [WARN] PackLoader:240 - Cannot read IP mode file for STMicroelectronics.X-CUBE-EEPRMA1.5.2.0
2026-02-23 16:22:38,508 [WARN] PackLoader:240 - Cannot read IP mode file for wolfSSL.I-CUBE-wolfSSL.5.8.4
2026-02-23 16:22:38,511 [WARN] PackLoader:240 - Cannot read IP mode file for Cesanta.I-CUBE-Mongoose.7.20.0
2026-02-23 16:22:38,536 [WARN] PackLoader:240 - Cannot read IP mode file for STMicroelectronics.X-CUBE-MEMS1.12.0.0
2026-02-23 16:22:38,668 [WARN] PackLoader:240 - Cannot read IP mode file for STMicroelectronics.X-CUBE-AZRTOS-G0.1.1.0
2026-02-23 16:22:38,694 [WARN] PackLoader:240 - Cannot read IP mode file for STMicroelectronics.X-CUBE-NFC4.3.0.0
2026-02-23 16:22:38,709 [WARN] PackLoader:240 - Cannot read IP mode file for EmbeddedOffice.I-CUBE-FS-RTOS.1.0.1
2026-02-23 16:22:38,715 [WARN] PackLoader:240 - Cannot read IP mode file for STMicroelectronics.X-CUBE-WB05N.2.0.0
2026-02-23 16:22:38,719 [WARN] PackLoader:240 - Cannot read IP mode file for wolfSSL.I-CUBE-wolfTPM.3.8.0
2026-02-23 16:22:38,724 [WARN] PackLoader:240 - Cannot read IP mode file for STMicroelectronics.X-CUBE-TCPP.4.2.0
2026-02-23 16:22:38,729 [WARN] PackLoader:240 - Cannot read IP mode file for RealThread.X-CUBE-RT-Thread_Nano.4.1.1
2026-02-23 16:22:38,733 [WARN] PackLoader:240 - Cannot read IP mode file for STMicroelectronics.FP-ATR-SIGFOX1.3.2.0
2026-02-23 16:22:38,737 [WARN] PackLoader:240 - Cannot read IP mode file for ITTIA_DB.I-CUBE-ITTIADB.8.9.0
2026-02-23 16:22:38,743 [WARN] PackLoader:240 - Cannot read IP mode file for STMicroelectronics.X-CUBE-NFC6.3.2.0
2026-02-23 16:22:38,748 [WARN] PackLoader:240 - Cannot read IP mode file for STMicroelectronics.X-CUBE-AI.10.2.0
2026-02-23 16:22:38,768 [WARN] PackLoader:240 - Cannot read IP mode file for SEGGER.I-CUBE-embOS.1.3.1
2026-02-23 16:22:38,805 [WARN] PackLoader:240 - Cannot read IP mode file for STMicroelectronics.X-CUBE-ALGOBUILD.1.4.0
2026-02-23 16:22:38,809 [WARN] PackLoader:240 - Cannot read IP mode file for STMicroelectronics.X-CUBE-PM33A1.1.0.0
2026-02-23 16:22:38,822 [WARN] PackLoader:240 - Cannot read IP mode file for STMicroelectronics.X-CUBE-AZRTOS-F4.1.1.0
2026-02-23 16:22:38,836 [WARN] PackLoader:240 - Cannot read IP mode file for STMicroelectronics.X-CUBE-ISPU.2.1.0
2026-02-23 16:22:38,844 [WARN] PackLoader:240 - Cannot read IP mode file for STMicroelectronics.X-CUBE-IPS.3.2.0
2026-02-23 16:22:38,850 [WARN] PackLoader:240 - Cannot read IP mode file for STMicroelectronics.X-CUBE-NFC12.1.0.0
2026-02-23 16:22:38,858 [WARN] PackLoader:240 - Cannot read IP mode file for STMicroelectronics.X-CUBE-AZRTOS-L5.2.0.0
2026-02-23 16:22:38,863 [WARN] PackLoader:240 - Cannot read IP mode file for STMicroelectronics.X-CUBE-TOUCHGFX.4.26.0
2026-02-23 16:22:38,866 [WARN] PackLoader:240 - Cannot read IP mode file for STMicroelectronics.FP-SNS-STAIOTCFT.1.0.0
2026-02-23 16:22:38,869 [WARN] PackLoader:240 - Cannot read IP mode file for STMicroelectronics.X-CUBE-DPower.1.3.0
2026-02-23 16:22:38,883 [WARN] ConditionMgr:438 - getConditionDescription Invalid condition id : LAN8742 Phy interface Condition cause : null
2026-02-23 16:22:38,883 [WARN] PackLoader:240 - Cannot read IP mode file for STMicroelectronics.X-CUBE-AZRTOS-L4.2.0.0
2026-02-23 16:22:38,884 [WARN] ConditionMgr:1044 - genDependencies : Invalid condition id : LAN8742 Phy interface Condition cause : null
2026-02-23 16:22:38,884 [WARN] ConditionMgr:1044 - genDependencies : Invalid condition id : LAN8742 Phy interface Condition cause : null
2026-02-23 16:22:38,885 [WARN] ConditionMgr:1044 - genDependencies : Invalid condition id : LAN8742 Phy interface Condition cause : null
2026-02-23 16:22:38,890 [WARN] PackLoader:240 - Cannot read IP mode file for STMicroelectronics.X-CUBE-SFXS2LP1.4.0.0
2026-02-23 16:22:38,894 [WARN] PackLoader:240 - Cannot read IP mode file for STMicroelectronics.X-CUBE-ST67W61.1.2.0
2026-02-23 16:22:38,903 [WARN] PackLoader:240 - Cannot read IP mode file for STMicroelectronics.X-CUBE-BLEMGR.4.1.0
2026-02-23 16:22:38,915 [WARN] ConditionMgr:438 - getConditionDescription Invalid condition id : UX DEVICE CLASS RTOS Condition cause : null
2026-02-23 16:22:38,915 [WARN] ConditionMgr:438 - getConditionDescription Invalid condition id : UX DEVICE CLASS RTOS Condition cause : null
2026-02-23 16:22:38,917 [WARN] PackLoader:240 - Cannot read IP mode file for STMicroelectronics.X-CUBE-AZRTOS-WB.2.0.0
2026-02-23 16:22:38,918 [WARN] ConditionMgr:1044 - genDependencies : Invalid condition id : UX DEVICE CLASS RTOS Condition cause : null
2026-02-23 16:22:38,918 [WARN] ConditionMgr:1044 - genDependencies : Invalid condition id : UX DEVICE CLASS RTOS Condition cause : null
2026-02-23 16:22:38,918 [WARN] ConditionMgr:1044 - genDependencies : Invalid condition id : UX DEVICE CLASS RTOS Condition cause : null
2026-02-23 16:22:38,919 [WARN] ConditionMgr:1044 - genDependencies : Invalid condition id : UX DEVICE CLASS RTOS Condition cause : null
2026-02-23 16:22:38,919 [WARN] ConditionMgr:1044 - genDependencies : Invalid condition id : UX DEVICE CLASS RTOS Condition cause : null
2026-02-23 16:22:38,922 [WARN] ConditionMgr:438 - getConditionDescription Invalid condition id : Cortex-A Device cause : null
2026-02-23 16:22:38,929 [WARN] ConditionMgr:1044 - genDependencies : Invalid condition id : Cortex-A Device cause : null
2026-02-23 16:22:38,929 [WARN] ConditionMgr:1044 - genDependencies : Invalid condition id : Cortex-A Device cause : null
2026-02-23 16:22:38,929 [WARN] ConditionMgr:1044 - genDependencies : Invalid condition id : Cortex-A Device cause : null
2026-02-23 16:22:38,934 [WARN] PackLoader:240 - Cannot read IP mode file for STMicroelectronics.X-CUBE-STSE01.2.0.0
2026-02-23 16:22:38,942 [WARN] PackLoader:240 - Cannot read IP mode file for STMicroelectronics.X-CUBE-SUBG2.5.0.0
2026-02-23 16:22:38,957 [WARN] PackLoader:240 - Cannot read IP mode file for STMicroelectronics.X-CUBE-AZRTOS-G4.2.0.0
2026-02-23 16:22:38,961 [WARN] PackLoader:240 - Cannot read IP mode file for wolfSSL.I-CUBE-wolfSSH.1.4.20
2026-02-23 16:22:38,964 [WARN] PackLoader:240 - Cannot read IP mode file for STMicroelectronics.X-CUBE-NFC7.2.0.0
2026-02-23 16:22:38,967 [WARN] PackLoader:240 - Cannot read IP mode file for STMicroelectronics.X-CUBE-ALS.1.0.2
2026-02-23 16:22:38,976 [WARN] PackLoader:240 - Cannot read IP mode file for STMicroelectronics.X-CUBE-TOF1.3.4.3
2026-02-23 16:22:38,985 [INFO] ThirdParty:978 - Integrity check success = true
2026-02-23 16:22:38,985 [INFO] IntegrityCheckThread:100 - exiting critical section [integrity check]
2026-02-23 16:22:38,985 [INFO] IntegrityCheckThread:103 - End integrity checks thread
2026-02-23 16:22:53,099 [ERROR] LogOutputStream:75 - [STDERR_REDIRECT] 
